[INFO ] 2022-08-23 19:59:00.368 [main] TrelloBoard - Board Created Scuccesfully
[INFO ] 2022-08-23 19:59:01.018 [main] TrelloBoard - Board Fetched Succesfully
[INFO ] 2022-08-23 19:59:01.684 [main] TrelloBoard - Update Board Succesfully
[INFO ] 2022-08-23 19:59:03.443 [main] TrelloList - List Created Scuccesfully
[INFO ] 2022-08-23 19:59:04.046 [main] TrelloList - List Fetched Scuccesfully
[INFO ] 2022-08-23 19:59:04.692 [main] TrelloList - List Updated Scuccesfully
[INFO ] 2022-08-23 19:59:05.420 [main] TrelloCard - Card Created Scuccesfully
[INFO ] 2022-08-23 19:59:06.024 [main] TrelloCard - Card Fetched Scuccesfully
[INFO ] 2022-08-23 19:59:07.341 [main] TrelloCard - Card Updated Scuccesfully
[INFO ] 2022-08-23 19:59:07.982 [main] TrelloCard - Card Deleted Scuccesfully
[INFO ] 2022-08-23 19:59:09.002 [main] TrelloCard - Board Deleted Scuccesfully
[INFO ] 2022-08-23 20:01:21.219 [main] TrelloBoard - Board Created Scuccesfully
[INFO ] 2022-08-23 20:01:21.939 [main] TrelloBoard - Board Fetched Succesfully
[INFO ] 2022-08-23 20:01:22.706 [main] TrelloBoard - Update Board Succesfully
[INFO ] 2022-08-23 20:01:24.463 [main] TrelloList - List Created Scuccesfully
[INFO ] 2022-08-23 20:01:25.043 [main] TrelloList - List Fetched Scuccesfully
[INFO ] 2022-08-23 20:01:25.683 [main] TrelloList - List Updated Scuccesfully
[INFO ] 2022-08-23 20:01:26.672 [main] TrelloCard - Card Created Scuccesfully
[INFO ] 2022-08-23 20:01:27.237 [main] TrelloCard - Card Fetched Scuccesfully
[INFO ] 2022-08-23 20:01:28.558 [main] TrelloCard - Card Updated Scuccesfully
[INFO ] 2022-08-23 20:01:29.171 [main] TrelloCard - Card Deleted Scuccesfully
[INFO ] 2022-08-23 20:01:30.029 [main] TrelloCard - Board Deleted Scuccesfully
